
*** Running xst
    with args -ifn mojo_top_0.xst -ofn mojo_top_0.srp -intstyle ise

Reading design: mojo_top_0.prj

=========================================================================
*                          HDL Parsing                                  *
=========================================================================
Analyzing Verilog file "/home/tianlerk/mojo/YeetingCheckers/work/planAhead/YeetingCheckers/YeetingCheckers.srcs/sources_1/imports/verilog/reset_conditioner_1.v" into library work
Parsing module <reset_conditioner_1>.
Analyzing Verilog file "/home/tianlerk/mojo/YeetingCheckers/work/planAhead/YeetingCheckers/YeetingCheckers.srcs/sources_1/imports/verilog/led_multiplexer_2.v" into library work
Parsing module <led_multiplexer_2>.
Analyzing Verilog file "/home/tianlerk/mojo/YeetingCheckers/work/planAhead/YeetingCheckers/YeetingCheckers.srcs/sources_1/imports/verilog/mojo_top_0.v" into library work
Parsing module <mojo_top_0>.

=========================================================================
*                            HDL Elaboration                            *
=========================================================================

Elaborating module <mojo_top_0>.

Elaborating module <reset_conditioner_1>.

Elaborating module <led_multiplexer_2>.

=========================================================================
*                           HDL Synthesis                               *
=========================================================================

Synthesizing Unit <mojo_top_0>.
    Related source file is "/home/tianlerk/mojo/YeetingCheckers/work/planAhead/YeetingCheckers/YeetingCheckers.srcs/sources_1/imports/verilog/mojo_top_0.v".
WARNING:Xst:647 - Input <cclk> is never used. This port will be preserved and left unconnected if it belongs to a top-level block or it belongs to a sub-block and the hierarchy of this sub-block is preserved.
WARNING:Xst:647 - Input <spi_ss> is never used. This port will be preserved and left unconnected if it belongs to a top-level block or it belongs to a sub-block and the hierarchy of this sub-block is preserved.
WARNING:Xst:647 - Input <spi_mosi> is never used. This port will be preserved and left unconnected if it belongs to a top-level block or it belongs to a sub-block and the hierarchy of this sub-block is preserved.
WARNING:Xst:647 - Input <spi_sck> is never used. This port will be preserved and left unconnected if it belongs to a top-level block or it belongs to a sub-block and the hierarchy of this sub-block is preserved.
WARNING:Xst:647 - Input <avr_tx> is never used. This port will be preserved and left unconnected if it belongs to a top-level block or it belongs to a sub-block and the hierarchy of this sub-block is preserved.
WARNING:Xst:647 - Input <avr_rx_busy> is never used. This port will be preserved and left unconnected if it belongs to a top-level block or it belongs to a sub-block and the hierarchy of this sub-block is preserved.
    Found 1-bit tristate buffer for signal <spi_miso> created at line 49
    Found 1-bit tristate buffer for signal <spi_channel<3>> created at line 49
    Found 1-bit tristate buffer for signal <spi_channel<2>> created at line 49
    Found 1-bit tristate buffer for signal <spi_channel<1>> created at line 49
    Found 1-bit tristate buffer for signal <spi_channel<0>> created at line 49
    Found 1-bit tristate buffer for signal <avr_rx> created at line 49
    Summary:
	inferred   6 Tristate(s).
Unit <mojo_top_0> synthesized.

Synthesizing Unit <reset_conditioner_1>.
    Related source file is "/home/tianlerk/mojo/YeetingCheckers/work/planAhead/YeetingCheckers/YeetingCheckers.srcs/sources_1/imports/verilog/reset_conditioner_1.v".
    Found 4-bit register for signal <M_stage_q>.
    Summary:
	inferred   4 D-type flip-flop(s).
Unit <reset_conditioner_1> synthesized.

Synthesizing Unit <led_multiplexer_2>.
    Related source file is "/home/tianlerk/mojo/YeetingCheckers/work/planAhead/YeetingCheckers/YeetingCheckers.srcs/sources_1/imports/verilog/led_multiplexer_2.v".
    Found 10-bit register for signal <M_timer_q>.
    Found 3-bit register for signal <M_column_sel_q>.
    Found finite state machine <FSM_0> for signal <M_column_sel_q>.
    -----------------------------------------------------------------------
    | States             | 6                                              |
    | Transitions        | 6                                              |
    | Inputs             | 0                                              |
    | Outputs            | 10                                             |
    | Clock              | timerout (rising_edge)                         |
    | Reset              | rst (positive)                                 |
    | Reset type         | synchronous                                    |
    | Reset State        | 000                                            |
    | Power Up State     | 000                                            |
    | Encoding           | auto                                           |
    | Implementation     | LUT                                            |
    -----------------------------------------------------------------------
    Found 10-bit adder for signal <M_timer_d> created at line 72.
    Summary:
	inferred   1 Adder/Subtractor(s).
	inferred  10 D-type flip-flop(s).
	inferred   1 Finite State Machine(s).
Unit <led_multiplexer_2> synthesized.

=========================================================================
HDL Synthesis Report

Macro Statistics
# Adders/Subtractors                                   : 1
 10-bit adder                                          : 1
# Registers                                            : 2
 10-bit register                                       : 1
 4-bit register                                        : 1
# Tristates                                            : 6
 1-bit tristate buffer                                 : 6
# FSMs                                                 : 1

=========================================================================

=========================================================================
*                       Advanced HDL Synthesis                          *
=========================================================================


Synthesizing (advanced) Unit <led_multiplexer_2>.
The following registers are absorbed into counter <M_timer_q>: 1 register on signal <M_timer_q>.
Unit <led_multiplexer_2> synthesized (advanced).

=========================================================================
Advanced HDL Synthesis Report

Macro Statistics
# Counters                                             : 1
 10-bit up counter                                     : 1
# Registers                                            : 4
 Flip-Flops                                            : 4
# FSMs                                                 : 1

=========================================================================

=========================================================================
*                         Low Level Synthesis                           *
=========================================================================
Analyzing FSM <MFsm> for best encoding.
Optimizing FSM <FSM_0> on signal <M_column_sel_q[1:6]> with one-hot encoding.
-------------------
 State | Encoding
-------------------
 000   | 000001
 001   | 000010
 010   | 000100
 011   | 001000
 100   | 010000
 101   | 100000
-------------------

Optimizing unit <mojo_top_0> ...

Mapping all equations...
Building and optimizing final netlist ...
Found area constraint ratio of 100 (+ 0) on block mojo_top_0, actual ratio is 0.

Final Macro Processing ...

Processing Unit <mojo_top_0> :
INFO:Xst:741 - HDL ADVISOR - A 4-bit shift register was found for signal <reset_cond/M_stage_q_3> and currently occupies 4 logic cells (2 slices). Removing the set/reset logic would take advantage of SRL32 (and derived) primitives and reduce this to 1 logic cells (1 slices). Evaluate if the set/reset can be removed for this simple shift register. The majority of simple pipeline structures do not need to be set/reset operationally.
Unit <mojo_top_0> processed.

=========================================================================
Final Register Report

Macro Statistics
# Registers                                            : 20
 Flip-Flops                                            : 20

=========================================================================

=========================================================================
*                           Partition Report                            *
=========================================================================

Partition Implementation Status
-------------------------------

  No Partitions were found in this design.

-------------------------------

=========================================================================
*                            Design Summary                             *
=========================================================================

Clock Information:
------------------
-----------------------------------+----------------------------------------------+-------+
Clock Signal                       | Clock buffer(FF name)                        | Load  |
-----------------------------------+----------------------------------------------+-------+
clk                                | BUFGP                                        | 14    |
led_multiplexer/M_timer_q_9        | NONE(led_multiplexer/M_column_sel_q_FSM_FFd5)| 6     |
-----------------------------------+----------------------------------------------+-------+
INFO:Xst:2169 - HDL ADVISOR - Some clock signals were not automatically buffered by XST with BUFG/BUFR resources. Please use the buffer_type constraint in order to insert these buffers to the clock signals to help prevent skew problems.

Asynchronous Control Signals Information:
----------------------------------------
No asynchronous control signals found in this design

Timing Summary:
---------------
Speed Grade: -2

   Minimum period: 2.165ns (Maximum Frequency: 461.894MHz)
   Minimum input arrival time before clock: 3.526ns
   Maximum output required time after clock: 5.364ns
   Maximum combinational path delay: No path found

=========================================================================
